<?xml version="1.0" encoding="UTF-8"?>
<!-- Generated by org.testng.reporters.JUnitReportReporter -->
<testsuite hostname="Jeevan" name="com.lenses.Tests.InSightTest" tests="1" failures="0" timestamp="18 Jun 2014 07:29:10 GMT" time="0.018" errors="0">
  <testcase name="loginTest" time="0.018" classname="com.lenses.Tests.InSightTest"/>
</testsuite> <!-- com.lenses.Tests.InSightTest -->
